<?xml version="1.0" encoding="UTF-8"?>
<testng-results skipped="0" failed="1" total="4" passed="3">
  <reporter-output>
  </reporter-output>
  <suite name="Default suite" duration-ms="939" started-at="2016-06-16T15:52:56Z" finished-at="2016-06-16T15:52:57Z">
    <groups>
    </groups>
    <test name="Default test" duration-ms="939" started-at="2016-06-16T15:52:56Z" finished-at="2016-06-16T15:52:57Z">
      <class name="com.rymarchik.tests.RestAPITests">
        <test-method status="PASS" signature="createJobTest()[pri:0, instance:com.rymarchik.tests.RestAPITests@480bdb19]" name="createJobTest" duration-ms="487" started-at="2016-06-16T18:52:56Z" finished-at="2016-06-16T18:52:57Z">
          <reporter-output>
          </reporter-output>
        </test-method> <!-- createJobTest -->
        <test-method status="PASS" signature="updateJobTest()[pri:0, instance:com.rymarchik.tests.RestAPITests@480bdb19]" name="updateJobTest" duration-ms="126" started-at="2016-06-16T18:52:57Z" finished-at="2016-06-16T18:52:57Z">
          <reporter-output>
          </reporter-output>
        </test-method> <!-- updateJobTest -->
        <test-method status="FAIL" signature="copyJobTest()[pri:0, instance:com.rymarchik.tests.RestAPITests@480bdb19]" name="copyJobTest" duration-ms="123" started-at="2016-06-16T18:52:57Z" finished-at="2016-06-16T18:52:57Z">
          <exception class="java.lang.AssertionError">
            <message>
              <![CDATA[expected [403] but found [400]]]>
            </message>
            <full-stacktrace>
              <![CDATA[java.lang.AssertionError: expected [403] but found [400]
	at org.testng.Assert.fail(Assert.java:94)
	at org.testng.Assert.failNotEquals(Assert.java:513)
	at org.testng.Assert.assertEqualsImpl(Assert.java:135)
	at org.testng.Assert.assertEquals(Assert.java:116)
	at org.testng.Assert.assertEquals(Assert.java:389)
	at org.testng.Assert.assertEquals(Assert.java:399)
	at com.rymarchik.tests.RestAPITests.copyJobTest(RestAPITests.java:68)
	at sun.reflect.NativeMethodAccessorImpl.invoke0(Native Method)
	at sun.reflect.NativeMethodAccessorImpl.invoke(Unknown Source)
	at sun.reflect.DelegatingMethodAccessorImpl.invoke(Unknown Source)
	at java.lang.reflect.Method.invoke(Unknown Source)
	at org.testng.internal.MethodInvocationHelper.invokeMethod(MethodInvocationHelper.java:86)
	at org.testng.internal.Invoker.invokeMethod(Invoker.java:643)
	at org.testng.internal.Invoker.invokeTestMethod(Invoker.java:820)
	at org.testng.internal.Invoker.invokeTestMethods(Invoker.java:1128)
	at org.testng.internal.TestMethodWorker.invokeTestMethods(TestMethodWorker.java:129)
	at org.testng.internal.TestMethodWorker.run(TestMethodWorker.java:112)
	at org.testng.TestRunner.privateRun(TestRunner.java:782)
	at org.testng.TestRunner.run(TestRunner.java:632)
	at org.testng.SuiteRunner.runTest(SuiteRunner.java:366)
	at org.testng.SuiteRunner.runSequentially(SuiteRunner.java:361)
	at org.testng.SuiteRunner.privateRun(SuiteRunner.java:319)
	at org.testng.SuiteRunner.run(SuiteRunner.java:268)
	at org.testng.SuiteRunnerWorker.runSuite(SuiteRunnerWorker.java:52)
	at org.testng.SuiteRunnerWorker.run(SuiteRunnerWorker.java:86)
	at org.testng.TestNG.runSuitesSequentially(TestNG.java:1244)
	at org.testng.TestNG.runSuitesLocally(TestNG.java:1169)
	at org.testng.TestNG.run(TestNG.java:1064)
	at org.testng.remote.AbstractRemoteTestNG.run(AbstractRemoteTestNG.java:126)
	at org.testng.remote.RemoteTestNG.initAndRun(RemoteTestNG.java:137)
	at org.testng.remote.RemoteTestNG.main(RemoteTestNG.java:58)
]]>
            </full-stacktrace>
          </exception> <!-- java.lang.AssertionError -->
          <reporter-output>
          </reporter-output>
        </test-method> <!-- copyJobTest -->
        <test-method status="PASS" signature="deleteJobTest()[pri:0, instance:com.rymarchik.tests.RestAPITests@480bdb19]" name="deleteJobTest" duration-ms="177" started-at="2016-06-16T18:52:57Z" depends-on-methods="com.rymarchik.tests.RestAPITests.createJobTest" finished-at="2016-06-16T18:52:57Z">
          <reporter-output>
          </reporter-output>
        </test-method> <!-- deleteJobTest -->
      </class> <!-- com.rymarchik.tests.RestAPITests -->
    </test> <!-- Default test -->
  </suite> <!-- Default suite -->
</testng-results>
